c:\dm-game\build\win32-msvc\win32\debug\cgame.lib
c:\dm-game\build\win32-msvc\win32\debug\cgame.exp
c:\dm-game\build\win32-msvc\win32\debug_cgame\vc142.pdb
c:\dm-game\build\win32-msvc\win32\debug_cgame\vc142.idb
c:\dm-game\build\win32-msvc\win32\debug_cgame\cg_draw.obj
c:\dm-game\build\win32-msvc\win32\debug_cgame\cg_drawtools.obj
c:\dm-game\build\win32-msvc\win32\debug_cgame\cg_effects.obj
c:\dm-game\build\win32-msvc\win32\debug_cgame\cg_ents.obj
c:\dm-game\build\win32-msvc\win32\debug_cgame\cg_event.obj
c:\dm-game\build\win32-msvc\win32\debug_cgame\cg_info.obj
c:\dm-game\build\win32-msvc\win32\debug_cgame\cg_localents.obj
c:\dm-game\build\win32-msvc\win32\debug_cgame\cg_main.obj
c:\dm-game\build\win32-msvc\win32\debug_cgame\cg_marks.obj
c:\dm-game\build\win32-msvc\win32\debug_cgame\cg_players.obj
c:\dm-game\build\win32-msvc\win32\debug_cgame\cg_playerstate.obj
c:\dm-game\build\win32-msvc\win32\debug_cgame\cg_predict.obj
c:\dm-game\build\win32-msvc\win32\debug_cgame\cg_scoreboard.obj
c:\dm-game\build\win32-msvc\win32\debug_cgame\cg_servercmds.obj
c:\dm-game\build\win32-msvc\win32\debug_cgame\cg_snapshot.obj
c:\dm-game\build\win32-msvc\win32\debug_cgame\cg_syscalls.obj
c:\dm-game\build\win32-msvc\win32\debug_cgame\cg_view.obj
c:\dm-game\build\win32-msvc\win32\debug_cgame\cg_weapons.obj
c:\dm-game\build\win32-msvc\win32\debug_cgame\q_math.obj
c:\dm-game\build\win32-msvc\win32\debug_cgame\q_shared.obj
c:\dm-game\build\win32-msvc\win32\debug_cgame\bg_gametypes.obj
c:\dm-game\build\win32-msvc\win32\debug_cgame\bg_lib.obj
c:\dm-game\build\win32-msvc\win32\debug_cgame\bg_misc.obj
c:\dm-game\build\win32-msvc\win32\debug_cgame\bg_pmove.obj
c:\dm-game\build\win32-msvc\win32\debug_cgame\cg_consolecmds.obj
c:\dm-game\build\win32-msvc\win32\debug\cgamex86.ilk
c:\dm-game\build\win32-msvc\win32\debug\cgamex86.dll
c:\dm-game\build\win32-msvc\win32\debug\cgame.pdb
c:\dm-game\build\win32-msvc\win32\debug_cgame\cgame.tlog\cgame.write.1u.tlog
c:\dm-game\build\win32-msvc\win32\debug_cgame\cgame.tlog\cl.command.1.tlog
c:\dm-game\build\win32-msvc\win32\debug_cgame\cgame.tlog\cl.read.1.tlog
c:\dm-game\build\win32-msvc\win32\debug_cgame\cgame.tlog\cl.write.1.tlog
c:\dm-game\build\win32-msvc\win32\debug_cgame\cgame.tlog\link.command.1.tlog
c:\dm-game\build\win32-msvc\win32\debug_cgame\cgame.tlog\link.read.1.tlog
c:\dm-game\build\win32-msvc\win32\debug_cgame\cgame.tlog\link.write.1.tlog
